Analysis & Synthesis report for tempsensor
Sun Feb 11 19:59:25 2018
Quartus Prime Version 17.1.0 Build 590 10/25/2017 SJ Lite Edition


---------------------
; Table of Contents ;
---------------------
  1. Legal Notice
  2. Analysis & Synthesis Summary
  3. Analysis & Synthesis Settings
  4. Parallel Compilation
  5. Analysis & Synthesis Source Files Read
  6. Analysis & Synthesis Resource Usage Summary
  7. Analysis & Synthesis Resource Utilization by Entity
  8. General Register Statistics
  9. Port Connectivity Checks: "i2cclock:i2cclk"
 10. Post-Synthesis Netlist Statistics for Top Partition
 11. Elapsed Time Per Partition
 12. Analysis & Synthesis Messages



----------------
; Legal Notice ;
----------------
Copyright (C) 2017  Intel Corporation. All rights reserved.
Your use of Intel Corporation's design tools, logic functions 
and other software and tools, and its AMPP partner logic 
functions, and any output files from any of the foregoing 
(including device programming or simulation files), and any 
associated documentation or information are expressly subject 
to the terms and conditions of the Intel Program License 
Subscription Agreement, the Intel Quartus Prime License Agreement,
the Intel FPGA IP License Agreement, or other applicable license
agreement, including, without limitation, that your use is for
the sole purpose of programming logic devices manufactured by
Intel and sold by Intel or its authorized distributors.  Please
refer to the applicable agreement for further details.



+-------------------------------------------------------------------------------+
; Analysis & Synthesis Summary                                                  ;
+---------------------------------+---------------------------------------------+
; Analysis & Synthesis Status     ; Successful - Sun Feb 11 19:59:25 2018       ;
; Quartus Prime Version           ; 17.1.0 Build 590 10/25/2017 SJ Lite Edition ;
; Revision Name                   ; tempsensor                                  ;
; Top-level Entity Name           ; tempsensor                                  ;
; Family                          ; Cyclone V                                   ;
; Logic utilization (in ALMs)     ; N/A                                         ;
; Total registers                 ; 12                                          ;
; Total pins                      ; 34                                          ;
; Total virtual pins              ; 0                                           ;
; Total block memory bits         ; 0                                           ;
; Total DSP Blocks                ; 0                                           ;
; Total HSSI RX PCSs              ; 0                                           ;
; Total HSSI PMA RX Deserializers ; 0                                           ;
; Total HSSI TX PCSs              ; 0                                           ;
; Total HSSI PMA TX Serializers   ; 0                                           ;
; Total PLLs                      ; 0                                           ;
; Total DLLs                      ; 0                                           ;
+---------------------------------+---------------------------------------------+


+---------------------------------------------------------------------------------------------------------------------------+
; Analysis & Synthesis Settings                                                                                             ;
+---------------------------------------------------------------------------------+--------------------+--------------------+
; Option                                                                          ; Setting            ; Default Value      ;
+---------------------------------------------------------------------------------+--------------------+--------------------+
; Device                                                                          ; 5CSEMA4U23C6       ;                    ;
; Top-level entity name                                                           ; tempsensor         ; tempsensor         ;
; Family name                                                                     ; Cyclone V          ; Cyclone V          ;
; Use smart compilation                                                           ; Off                ; Off                ;
; Enable parallel Assembler and TimeQuest Timing Analyzer during compilation      ; On                 ; On                 ;
; Enable compact report table                                                     ; Off                ; Off                ;
; Restructure Multiplexers                                                        ; Auto               ; Auto               ;
; MLAB Add Timing Constraints For Mixed-Port Feed-Through Mode Setting Don't Care ; Off                ; Off                ;
; Create Debugging Nodes for IP Cores                                             ; Off                ; Off                ;
; Preserve fewer node names                                                       ; On                 ; On                 ;
; Intel FPGA IP Evaluation Mode                                                   ; Enable             ; Enable             ;
; Verilog Version                                                                 ; Verilog_2001       ; Verilog_2001       ;
; VHDL Version                                                                    ; VHDL_1993          ; VHDL_1993          ;
; State Machine Processing                                                        ; Auto               ; Auto               ;
; Safe State Machine                                                              ; Off                ; Off                ;
; Extract Verilog State Machines                                                  ; On                 ; On                 ;
; Extract VHDL State Machines                                                     ; On                 ; On                 ;
; Ignore Verilog initial constructs                                               ; Off                ; Off                ;
; Iteration limit for constant Verilog loops                                      ; 5000               ; 5000               ;
; Iteration limit for non-constant Verilog loops                                  ; 250                ; 250                ;
; Add Pass-Through Logic to Inferred RAMs                                         ; On                 ; On                 ;
; Infer RAMs from Raw Logic                                                       ; On                 ; On                 ;
; Parallel Synthesis                                                              ; On                 ; On                 ;
; DSP Block Balancing                                                             ; Auto               ; Auto               ;
; NOT Gate Push-Back                                                              ; On                 ; On                 ;
; Power-Up Don't Care                                                             ; On                 ; On                 ;
; Remove Redundant Logic Cells                                                    ; Off                ; Off                ;
; Remove Duplicate Registers                                                      ; On                 ; On                 ;
; Ignore CARRY Buffers                                                            ; Off                ; Off                ;
; Ignore CASCADE Buffers                                                          ; Off                ; Off                ;
; Ignore GLOBAL Buffers                                                           ; Off                ; Off                ;
; Ignore ROW GLOBAL Buffers                                                       ; Off                ; Off                ;
; Ignore LCELL Buffers                                                            ; Off                ; Off                ;
; Ignore SOFT Buffers                                                             ; On                 ; On                 ;
; Limit AHDL Integers to 32 Bits                                                  ; Off                ; Off                ;
; Optimization Technique                                                          ; Balanced           ; Balanced           ;
; Carry Chain Length                                                              ; 70                 ; 70                 ;
; Auto Carry Chains                                                               ; On                 ; On                 ;
; Auto Open-Drain Pins                                                            ; On                 ; On                 ;
; Perform WYSIWYG Primitive Resynthesis                                           ; Off                ; Off                ;
; Auto ROM Replacement                                                            ; On                 ; On                 ;
; Auto RAM Replacement                                                            ; On                 ; On                 ;
; Auto DSP Block Replacement                                                      ; On                 ; On                 ;
; Auto Shift Register Replacement                                                 ; Auto               ; Auto               ;
; Allow Shift Register Merging across Hierarchies                                 ; Auto               ; Auto               ;
; Auto Clock Enable Replacement                                                   ; On                 ; On                 ;
; Strict RAM Replacement                                                          ; Off                ; Off                ;
; Allow Synchronous Control Signals                                               ; On                 ; On                 ;
; Force Use of Synchronous Clear Signals                                          ; Off                ; Off                ;
; Auto Resource Sharing                                                           ; Off                ; Off                ;
; Allow Any RAM Size For Recognition                                              ; Off                ; Off                ;
; Allow Any ROM Size For Recognition                                              ; Off                ; Off                ;
; Allow Any Shift Register Size For Recognition                                   ; Off                ; Off                ;
; Use LogicLock Constraints during Resource Balancing                             ; On                 ; On                 ;
; Ignore translate_off and synthesis_off directives                               ; Off                ; Off                ;
; Timing-Driven Synthesis                                                         ; On                 ; On                 ;
; Report Parameter Settings                                                       ; On                 ; On                 ;
; Report Source Assignments                                                       ; On                 ; On                 ;
; Report Connectivity Checks                                                      ; On                 ; On                 ;
; Ignore Maximum Fan-Out Assignments                                              ; Off                ; Off                ;
; Synchronization Register Chain Length                                           ; 3                  ; 3                  ;
; Power Optimization During Synthesis                                             ; Normal compilation ; Normal compilation ;
; HDL message level                                                               ; Level2             ; Level2             ;
; Suppress Register Optimization Related Messages                                 ; Off                ; Off                ;
; Number of Removed Registers Reported in Synthesis Report                        ; 5000               ; 5000               ;
; Number of Swept Nodes Reported in Synthesis Report                              ; 5000               ; 5000               ;
; Number of Inverted Registers Reported in Synthesis Report                       ; 100                ; 100                ;
; Clock MUX Protection                                                            ; On                 ; On                 ;
; Auto Gated Clock Conversion                                                     ; Off                ; Off                ;
; Block Design Naming                                                             ; Auto               ; Auto               ;
; SDC constraint protection                                                       ; Off                ; Off                ;
; Synthesis Effort                                                                ; Auto               ; Auto               ;
; Shift Register Replacement - Allow Asynchronous Clear Signal                    ; On                 ; On                 ;
; Pre-Mapping Resynthesis Optimization                                            ; Off                ; Off                ;
; Analysis & Synthesis Message Level                                              ; Medium             ; Medium             ;
; Disable Register Merging Across Hierarchies                                     ; Auto               ; Auto               ;
; Resource Aware Inference For Block RAM                                          ; On                 ; On                 ;
; Automatic Parallel Synthesis                                                    ; On                 ; On                 ;
; Partial Reconfiguration Bitstream ID                                            ; Off                ; Off                ;
+---------------------------------------------------------------------------------+--------------------+--------------------+


+------------------------------------------+
; Parallel Compilation                     ;
+----------------------------+-------------+
; Processors                 ; Number      ;
+----------------------------+-------------+
; Number detected on machine ; 8           ;
; Maximum allowed            ; 4           ;
;                            ;             ;
; Average used               ; 1.00        ;
; Maximum used               ; 4           ;
;                            ;             ;
; Usage by Processor         ; % Time Used ;
;     Processor 1            ; 100.0%      ;
;     Processors 2-4         ;   0.0%      ;
+----------------------------+-------------+


+--------------------------------------------------------------------------------------------------------------------------------------------------+
; Analysis & Synthesis Source Files Read                                                                                                           ;
+----------------------------------+-----------------+------------------------+----------------------------------------------------------+---------+
; File Name with User-Entered Path ; Used in Netlist ; File Type              ; File Name with Absolute Path                             ; Library ;
+----------------------------------+-----------------+------------------------+----------------------------------------------------------+---------+
; IP/i2cclock.v                    ; yes             ; User Verilog HDL File  ; /home/smart-t/workspace/quartus/tempsensor/IP/i2cclock.v ;         ;
; tempsensor.v                     ; yes             ; User Verilog HDL File  ; /home/smart-t/workspace/quartus/tempsensor/tempsensor.v  ;         ;
+----------------------------------+-----------------+------------------------+----------------------------------------------------------+---------+


+------------------------------------------------------------------+
; Analysis & Synthesis Resource Usage Summary                      ;
+---------------------------------------------+--------------------+
; Resource                                    ; Usage              ;
+---------------------------------------------+--------------------+
; Estimate of Logic utilization (ALMs needed) ; 8                  ;
;                                             ;                    ;
; Combinational ALUT usage for logic          ; 15                 ;
;     -- 7 input functions                    ; 0                  ;
;     -- 6 input functions                    ; 0                  ;
;     -- 5 input functions                    ; 2                  ;
;     -- 4 input functions                    ; 2                  ;
;     -- <=3 input functions                  ; 11                 ;
;                                             ;                    ;
; Dedicated logic registers                   ; 12                 ;
;                                             ;                    ;
; I/O pins                                    ; 34                 ;
;                                             ;                    ;
; Total DSP Blocks                            ; 0                  ;
;                                             ;                    ;
; Maximum fan-out node                        ; FPGA_CLK1_50~input ;
; Maximum fan-out                             ; 12                 ;
; Total fan-out                               ; 126                ;
; Average fan-out                             ; 1.12               ;
+---------------------------------------------+--------------------+


+------------------------------------------------------------------------------------------------------------------------------------------------------------------------------------------------+
; Analysis & Synthesis Resource Utilization by Entity                                                                                                                                            ;
+----------------------------+---------------------+---------------------------+-------------------+------------+------+--------------+-----------------------------+-------------+--------------+
; Compilation Hierarchy Node ; Combinational ALUTs ; Dedicated Logic Registers ; Block Memory Bits ; DSP Blocks ; Pins ; Virtual Pins ; Full Hierarchy Name         ; Entity Name ; Library Name ;
+----------------------------+---------------------+---------------------------+-------------------+------------+------+--------------+-----------------------------+-------------+--------------+
; |tempsensor                ; 15 (0)              ; 12 (0)                    ; 0                 ; 0          ; 34   ; 0            ; |tempsensor                 ; tempsensor  ; work         ;
;    |i2cclock:i2cclk|       ; 15 (15)             ; 12 (12)                   ; 0                 ; 0          ; 0    ; 0            ; |tempsensor|i2cclock:i2cclk ; i2cclock    ; work         ;
+----------------------------+---------------------+---------------------------+-------------------+------------+------+--------------+-----------------------------+-------------+--------------+
Note: For table entries with two numbers listed, the numbers in parentheses indicate the number of resources of the given type used by the specific entity alone. The numbers listed outside of parentheses indicate the total resources of the given type used by the specific entity and all of its sub-entities in the hierarchy.


+------------------------------------------------------+
; General Register Statistics                          ;
+----------------------------------------------+-------+
; Statistic                                    ; Value ;
+----------------------------------------------+-------+
; Total registers                              ; 12    ;
; Number of registers using Synchronous Clear  ; 11    ;
; Number of registers using Synchronous Load   ; 0     ;
; Number of registers using Asynchronous Clear ; 0     ;
; Number of registers using Asynchronous Load  ; 0     ;
; Number of registers using Clock Enable       ; 0     ;
; Number of registers using Preset             ; 0     ;
+----------------------------------------------+-------+


+-------------------------------------------------+
; Port Connectivity Checks: "i2cclock:i2cclk"     ;
+---------------+-------+----------+--------------+
; Port          ; Type  ; Severity ; Details      ;
+---------------+-------+----------+--------------+
; divisor[8..4] ; Input ; Info     ; Stuck at VCC ;
; divisor[1..0] ; Input ; Info     ; Stuck at GND ;
; divisor[9]    ; Input ; Info     ; Stuck at GND ;
; divisor[3]    ; Input ; Info     ; Stuck at GND ;
; divisor[2]    ; Input ; Info     ; Stuck at VCC ;
; cs            ; Input ; Info     ; Stuck at VCC ;
+---------------+-------+----------+--------------+


+-----------------------------------------------------+
; Post-Synthesis Netlist Statistics for Top Partition ;
+-----------------------+-----------------------------+
; Type                  ; Count                       ;
+-----------------------+-----------------------------+
; arriav_ff             ; 12                          ;
;     SCLR              ; 11                          ;
;     plain             ; 1                           ;
; arriav_io_obuf        ; 17                          ;
; arriav_lcell_comb     ; 16                          ;
;     arith             ; 11                          ;
;         1 data inputs ; 11                          ;
;     normal            ; 5                           ;
;         0 data inputs ; 1                           ;
;         4 data inputs ; 2                           ;
;         5 data inputs ; 2                           ;
; boundary_port         ; 34                          ;
;                       ;                             ;
; Max LUT depth         ; 2.00                        ;
; Average LUT depth     ; 1.17                        ;
+-----------------------+-----------------------------+


+-------------------------------+
; Elapsed Time Per Partition    ;
+----------------+--------------+
; Partition Name ; Elapsed Time ;
+----------------+--------------+
; Top            ; 00:00:00     ;
+----------------+--------------+


+-------------------------------+
; Analysis & Synthesis Messages ;
+-------------------------------+
Info: *******************************************************************
Info: Running Quartus Prime Analysis & Synthesis
    Info: Version 17.1.0 Build 590 10/25/2017 SJ Lite Edition
    Info: Processing started: Sun Feb 11 19:59:15 2018
Info: Command: quartus_map --read_settings_files=on --write_settings_files=off tempsensor -c tempsensor
Warning (18236): Number of processors has not been specified which may cause overloading on shared machines.  Set the global assignment NUM_PARALLEL_PROCESSORS in your QSF to an appropriate value for best performance.
Info (20030): Parallel compilation is enabled and will use 4 of the 4 processors detected
Info (12021): Found 1 design units, including 1 entities, in source file IP/i2cclock.v
    Info (12023): Found entity 1: i2cclock File: /home/smart-t/workspace/quartus/tempsensor/IP/i2cclock.v Line: 7
Info (12021): Found 1 design units, including 1 entities, in source file tempsensor.v
    Info (12023): Found entity 1: tempsensor File: /home/smart-t/workspace/quartus/tempsensor/tempsensor.v Line: 6
Info (12127): Elaborating entity "tempsensor" for the top level hierarchy
Warning (10036): Verilog HDL or VHDL warning at tempsensor.v(36): object "GO" assigned a value but never read File: /home/smart-t/workspace/quartus/tempsensor/tempsensor.v Line: 36
Critical Warning (10237): Verilog HDL warning at tempsensor.v(61): can't infer register for assignment in edge-triggered always construct because the clock isn't obvious. Generated combinational logic instead File: /home/smart-t/workspace/quartus/tempsensor/tempsensor.v Line: 61
Warning (10034): Output port "LED" at tempsensor.v(21) has no driver File: /home/smart-t/workspace/quartus/tempsensor/tempsensor.v Line: 21
Info (12128): Elaborating entity "i2cclock" for hierarchy "i2cclock:i2cclk" File: /home/smart-t/workspace/quartus/tempsensor/tempsensor.v Line: 52
Warning (10230): Verilog HDL assignment warning at i2cclock.v(36): truncated value with size 32 to match size of target (11) File: /home/smart-t/workspace/quartus/tempsensor/IP/i2cclock.v Line: 36
Warning (13034): The following nodes have both tri-state and non-tri-state drivers
    Warning (13035): Inserted always-enabled tri-state buffer between "ARDUINO_IO[15]" and its non-tri-state driver. File: /home/smart-t/workspace/quartus/tempsensor/tempsensor.v Line: 9
Warning (13039): The following bidirectional pins have no drivers
    Warning (13040): bidirectional pin "ARDUINO_IO[0]" has no driver File: /home/smart-t/workspace/quartus/tempsensor/tempsensor.v Line: 9
    Warning (13040): bidirectional pin "ARDUINO_IO[1]" has no driver File: /home/smart-t/workspace/quartus/tempsensor/tempsensor.v Line: 9
    Warning (13040): bidirectional pin "ARDUINO_IO[2]" has no driver File: /home/smart-t/workspace/quartus/tempsensor/tempsensor.v Line: 9
    Warning (13040): bidirectional pin "ARDUINO_IO[3]" has no driver File: /home/smart-t/workspace/quartus/tempsensor/tempsensor.v Line: 9
    Warning (13040): bidirectional pin "ARDUINO_IO[4]" has no driver File: /home/smart-t/workspace/quartus/tempsensor/tempsensor.v Line: 9
    Warning (13040): bidirectional pin "ARDUINO_IO[5]" has no driver File: /home/smart-t/workspace/quartus/tempsensor/tempsensor.v Line: 9
    Warning (13040): bidirectional pin "ARDUINO_IO[6]" has no driver File: /home/smart-t/workspace/quartus/tempsensor/tempsensor.v Line: 9
    Warning (13040): bidirectional pin "ARDUINO_IO[7]" has no driver File: /home/smart-t/workspace/quartus/tempsensor/tempsensor.v Line: 9
    Warning (13040): bidirectional pin "ARDUINO_IO[8]" has no driver File: /home/smart-t/workspace/quartus/tempsensor/tempsensor.v Line: 9
    Warning (13040): bidirectional pin "ARDUINO_IO[9]" has no driver File: /home/smart-t/workspace/quartus/tempsensor/tempsensor.v Line: 9
    Warning (13040): bidirectional pin "ARDUINO_IO[10]" has no driver File: /home/smart-t/workspace/quartus/tempsensor/tempsensor.v Line: 9
    Warning (13040): bidirectional pin "ARDUINO_IO[11]" has no driver File: /home/smart-t/workspace/quartus/tempsensor/tempsensor.v Line: 9
    Warning (13040): bidirectional pin "ARDUINO_IO[12]" has no driver File: /home/smart-t/workspace/quartus/tempsensor/tempsensor.v Line: 9
    Warning (13040): bidirectional pin "ARDUINO_RESET_N" has no driver File: /home/smart-t/workspace/quartus/tempsensor/tempsensor.v Line: 10
Warning (13032): The following tri-state nodes are fed by constants
    Warning (13033): The pin "ARDUINO_IO[13]" is fed by VCC File: /home/smart-t/workspace/quartus/tempsensor/tempsensor.v Line: 9
    Warning (13033): The pin "ARDUINO_IO[14]" is fed by VCC File: /home/smart-t/workspace/quartus/tempsensor/tempsensor.v Line: 9
Warning (13009): TRI or OPNDRN buffers permanently enabled
    Warning (13010): Node "ARDUINO_IO[13]~synth" File: /home/smart-t/workspace/quartus/tempsensor/tempsensor.v Line: 9
    Warning (13010): Node "ARDUINO_IO[14]~synth" File: /home/smart-t/workspace/quartus/tempsensor/tempsensor.v Line: 9
    Warning (13010): Node "ARDUINO_IO[15]~synth" File: /home/smart-t/workspace/quartus/tempsensor/tempsensor.v Line: 9
Warning (13024): Output pins are stuck at VCC or GND
    Warning (13410): Pin "LED[0]" is stuck at GND File: /home/smart-t/workspace/quartus/tempsensor/tempsensor.v Line: 21
    Warning (13410): Pin "LED[1]" is stuck at GND File: /home/smart-t/workspace/quartus/tempsensor/tempsensor.v Line: 21
    Warning (13410): Pin "LED[2]" is stuck at GND File: /home/smart-t/workspace/quartus/tempsensor/tempsensor.v Line: 21
    Warning (13410): Pin "LED[3]" is stuck at GND File: /home/smart-t/workspace/quartus/tempsensor/tempsensor.v Line: 21
    Warning (13410): Pin "LED[4]" is stuck at GND File: /home/smart-t/workspace/quartus/tempsensor/tempsensor.v Line: 21
    Warning (13410): Pin "LED[5]" is stuck at GND File: /home/smart-t/workspace/quartus/tempsensor/tempsensor.v Line: 21
    Warning (13410): Pin "LED[6]" is stuck at GND File: /home/smart-t/workspace/quartus/tempsensor/tempsensor.v Line: 21
    Warning (13410): Pin "LED[7]" is stuck at GND File: /home/smart-t/workspace/quartus/tempsensor/tempsensor.v Line: 21
Info (286030): Timing-Driven Synthesis is running
Info (16010): Generating hard_block partition "hard_block:auto_generated_inst"
    Info (16011): Adding 0 node(s), including 0 DDIO, 0 PLL, 0 transceiver and 0 LCELL
Warning (21074): Design contains 8 input pin(s) that do not drive logic
    Warning (15610): No output dependent on input pin "FPGA_CLK2_50" File: /home/smart-t/workspace/quartus/tempsensor/tempsensor.v Line: 14
    Warning (15610): No output dependent on input pin "FPGA_CLK3_50" File: /home/smart-t/workspace/quartus/tempsensor/tempsensor.v Line: 15
    Warning (15610): No output dependent on input pin "KEY[0]" File: /home/smart-t/workspace/quartus/tempsensor/tempsensor.v Line: 18
    Warning (15610): No output dependent on input pin "KEY[1]" File: /home/smart-t/workspace/quartus/tempsensor/tempsensor.v Line: 18
    Warning (15610): No output dependent on input pin "SW[0]" File: /home/smart-t/workspace/quartus/tempsensor/tempsensor.v Line: 25
    Warning (15610): No output dependent on input pin "SW[1]" File: /home/smart-t/workspace/quartus/tempsensor/tempsensor.v Line: 25
    Warning (15610): No output dependent on input pin "SW[2]" File: /home/smart-t/workspace/quartus/tempsensor/tempsensor.v Line: 25
    Warning (15610): No output dependent on input pin "SW[3]" File: /home/smart-t/workspace/quartus/tempsensor/tempsensor.v Line: 25
Info (21057): Implemented 49 device resources after synthesis - the final resource count might be different
    Info (21058): Implemented 9 input pins
    Info (21059): Implemented 8 output pins
    Info (21060): Implemented 17 bidirectional pins
    Info (21061): Implemented 15 logic cells
Info: Quartus Prime Analysis & Synthesis was successful. 0 errors, 47 warnings
    Info: Peak virtual memory: 1043 megabytes
    Info: Processing ended: Sun Feb 11 19:59:25 2018
    Info: Elapsed time: 00:00:10
    Info: Total CPU time (on all processors): 00:00:25


